[2020-12-05 09:35:56.017] [exthost] [info] extension host started
[2020-12-05 09:35:56.464] [exthost] [info] ExtensionService#_doActivateExtension vscode.microsoft-authentication {"startup":false,"extensionId":{"value":"vscode.microsoft-authentication","_lower":"vscode.microsoft-authentication"},"activationEvent":"onAuthenticationRequest:microsoft"}
[2020-12-05 09:35:56.464] [exthost] [info] ExtensionService#loadCommonJSModule file:///opt/visual-studio-code/resources/app/extensions/microsoft-authentication/dist/extension.js
[2020-12-05 09:35:56.506] [exthost] [info] ExtensionService#_doActivateExtension vscode.debug-auto-launch {"startup":true,"extensionId":{"value":"vscode.debug-auto-launch","_lower":"vscode.debug-auto-launch"},"activationEvent":"*"}
[2020-12-05 09:35:56.535] [exthost] [info] ExtensionService#loadCommonJSModule file:///opt/visual-studio-code/resources/app/extensions/debug-auto-launch/dist/extension
[2020-12-05 09:35:56.562] [exthost] [info] ExtensionService#_doActivateExtension vscode.emmet {"startup":true,"extensionId":{"value":"vscode.emmet","_lower":"vscode.emmet"},"activationEvent":"*"}
[2020-12-05 09:35:56.567] [exthost] [info] ExtensionService#loadCommonJSModule file:///opt/visual-studio-code/resources/app/extensions/emmet/dist/node/emmetNodeMain
[2020-12-05 09:35:56.682] [exthost] [info] ExtensionService#_doActivateExtension vscode.git {"startup":true,"extensionId":{"value":"vscode.github","_lower":"vscode.github"},"activationEvent":"*"}
[2020-12-05 09:35:56.682] [exthost] [info] ExtensionService#loadCommonJSModule file:///opt/visual-studio-code/resources/app/extensions/git/dist/main
[2020-12-05 09:35:56.764] [exthost] [info] ExtensionService#_doActivateExtension vscode.merge-conflict {"startup":true,"extensionId":{"value":"vscode.merge-conflict","_lower":"vscode.merge-conflict"},"activationEvent":"*"}
[2020-12-05 09:35:56.773] [exthost] [info] ExtensionService#loadCommonJSModule file:///opt/visual-studio-code/resources/app/extensions/merge-conflict/dist/mergeConflictMain
[2020-12-05 09:35:56.790] [exthost] [info] ExtensionService#_doActivateExtension vscode.search-result {"startup":true,"extensionId":{"value":"vscode.search-result","_lower":"vscode.search-result"},"activationEvent":"*"}
[2020-12-05 09:35:56.790] [exthost] [info] ExtensionService#loadCommonJSModule file:///opt/visual-studio-code/resources/app/extensions/search-result/dist/extension.js
[2020-12-05 09:35:56.799] [exthost] [info] ExtensionService#_doActivateExtension sainnhe.gruvbox-material {"startup":true,"extensionId":{"value":"sainnhe.gruvbox-material","_lower":"sainnhe.gruvbox-material"},"activationEvent":"*"}
[2020-12-05 09:35:56.799] [exthost] [info] ExtensionService#loadCommonJSModule file:///home/torerling/.vscode/extensions/sainnhe.gruvbox-material-6.3.4/out/extension.js
[2020-12-05 09:35:56.913] [exthost] [info] ExtensionService#_doActivateExtension vscodevim.vim {"startup":true,"extensionId":{"value":"vscodevim.vim","_lower":"vscodevim.vim"},"activationEvent":"*"}
[2020-12-05 09:35:56.914] [exthost] [info] ExtensionService#loadCommonJSModule file:///home/torerling/.vscode/extensions/vscodevim.vim-1.17.2/out/extension
[2020-12-05 09:35:58.712] [exthost] [info] ExtensionService#_doActivateExtension ms-dotnettools.csharp {"startup":true,"extensionId":{"value":"Ionide.Ionide-fsharp","_lower":"ionide.ionide-fsharp"},"activationEvent":"workspaceContains:**/*.fs,**/*.fsx,**/*.fsproj,**/*.sln"}
[2020-12-05 09:35:58.713] [exthost] [info] ExtensionService#loadCommonJSModule file:///home/torerling/.vscode/extensions/ms-dotnettools.csharp-1.23.6/dist/extension
[2020-12-05 09:35:58.995] [exthost] [info] ExtensionService#_doActivateExtension vscode.github {"startup":true,"extensionId":{"value":"vscode.github","_lower":"vscode.github"},"activationEvent":"*"}
[2020-12-05 09:35:58.999] [exthost] [info] ExtensionService#loadCommonJSModule file:///opt/visual-studio-code/resources/app/extensions/github/dist/extension.js
[2020-12-05 09:35:59.760] [exthost] [info] ExtensionService#_doActivateExtension ms-vscode.js-debug {"startup":false,"extensionId":{"value":"ms-vscode.js-debug","_lower":"ms-vscode.js-debug"},"activationEvent":"onCommand:extension.js-debug.clearAutoAttachVariables"}
[2020-12-05 09:35:59.764] [exthost] [info] ExtensionService#loadCommonJSModule file:///opt/visual-studio-code/resources/app/extensions/ms-vscode.js-debug/src/extension.js
[2020-12-05 09:36:00.646] [exthost] [info] ExtensionService#_doActivateExtension Ionide.Ionide-fsharp {"startup":true,"extensionId":{"value":"Ionide.Ionide-fsharp","_lower":"ionide.ionide-fsharp"},"activationEvent":"workspaceContains:**/*.fs,**/*.fsx,**/*.fsproj,**/*.sln"}
[2020-12-05 09:36:00.647] [exthost] [info] ExtensionService#loadCommonJSModule file:///home/torerling/.vscode/extensions/ionide.ionide-fsharp-4.17.0/fsharp
[2020-12-05 09:36:00.984] [exthost] [info] ExtensionService#_doActivateExtension vscode.github-authentication {"startup":false,"extensionId":{"value":"vscode.github-authentication","_lower":"vscode.github-authentication"},"activationEvent":"onAuthenticationRequest:github"}
[2020-12-05 09:36:00.984] [exthost] [info] ExtensionService#loadCommonJSModule file:///opt/visual-studio-code/resources/app/extensions/github-authentication/dist/extension.js
[2020-12-05 09:36:05.367] [exthost] [warning] [Ionide.Ionide-fsharp] Accessing a resource scoped configuration without providing a resource is not expected. To get the effective value for '[fsharp]', provide the URI of a resource or 'null' for any resource.
[2020-12-05 09:36:05.488] [exthost] [info] eager extensions activated
