[2020-11-27 20:19:21.177] [exthost] [info] extension host started
[2020-11-27 20:19:21.703] [exthost] [info] ExtensionService#_doActivateExtension vscode.microsoft-authentication {"startup":false,"extensionId":{"value":"vscode.microsoft-authentication","_lower":"vscode.microsoft-authentication"},"activationEvent":"onAuthenticationRequest:microsoft"}
[2020-11-27 20:19:21.703] [exthost] [info] ExtensionService#loadCommonJSModule file:///opt/visual-studio-code/resources/app/extensions/microsoft-authentication/dist/extension.js
[2020-11-27 20:19:21.733] [exthost] [info] ExtensionService#_doActivateExtension ms-dotnettools.csharp {"startup":false,"extensionId":{"value":"Ionide.Ionide-fsharp","_lower":"ionide.ionide-fsharp"},"activationEvent":"onLanguage:fsharp"}
[2020-11-27 20:19:21.733] [exthost] [info] ExtensionService#loadCommonJSModule file:///home/torerling/.vscode/extensions/ms-dotnettools.csharp-1.23.6/dist/extension
[2020-11-27 20:19:21.804] [exthost] [info] ExtensionService#_doActivateExtension vscode.debug-auto-launch {"startup":true,"extensionId":{"value":"vscode.debug-auto-launch","_lower":"vscode.debug-auto-launch"},"activationEvent":"*"}
[2020-11-27 20:19:21.805] [exthost] [info] ExtensionService#loadCommonJSModule file:///opt/visual-studio-code/resources/app/extensions/debug-auto-launch/dist/extension
[2020-11-27 20:19:21.809] [exthost] [info] ExtensionService#_doActivateExtension vscode.emmet {"startup":true,"extensionId":{"value":"vscode.emmet","_lower":"vscode.emmet"},"activationEvent":"*"}
[2020-11-27 20:19:21.809] [exthost] [info] ExtensionService#loadCommonJSModule file:///opt/visual-studio-code/resources/app/extensions/emmet/dist/node/emmetNodeMain
[2020-11-27 20:19:21.827] [exthost] [info] ExtensionService#_doActivateExtension vscode.git {"startup":true,"extensionId":{"value":"vscode.github","_lower":"vscode.github"},"activationEvent":"*"}
[2020-11-27 20:19:21.828] [exthost] [info] ExtensionService#loadCommonJSModule file:///opt/visual-studio-code/resources/app/extensions/git/dist/main
[2020-11-27 20:19:21.876] [exthost] [info] ExtensionService#_doActivateExtension vscode.merge-conflict {"startup":true,"extensionId":{"value":"vscode.merge-conflict","_lower":"vscode.merge-conflict"},"activationEvent":"*"}
[2020-11-27 20:19:21.889] [exthost] [info] ExtensionService#loadCommonJSModule file:///opt/visual-studio-code/resources/app/extensions/merge-conflict/dist/mergeConflictMain
[2020-11-27 20:19:21.911] [exthost] [info] ExtensionService#_doActivateExtension vscode.search-result {"startup":true,"extensionId":{"value":"vscode.search-result","_lower":"vscode.search-result"},"activationEvent":"*"}
[2020-11-27 20:19:21.913] [exthost] [info] ExtensionService#loadCommonJSModule file:///opt/visual-studio-code/resources/app/extensions/search-result/dist/extension.js
[2020-11-27 20:19:21.922] [exthost] [info] ExtensionService#_doActivateExtension sainnhe.gruvbox-material {"startup":true,"extensionId":{"value":"sainnhe.gruvbox-material","_lower":"sainnhe.gruvbox-material"},"activationEvent":"*"}
[2020-11-27 20:19:21.923] [exthost] [info] ExtensionService#loadCommonJSModule file:///home/torerling/.vscode/extensions/sainnhe.gruvbox-material-6.3.4/out/extension.js
[2020-11-27 20:19:21.994] [exthost] [info] ExtensionService#_doActivateExtension vscodevim.vim {"startup":true,"extensionId":{"value":"vscodevim.vim","_lower":"vscodevim.vim"},"activationEvent":"*"}
[2020-11-27 20:19:21.994] [exthost] [info] ExtensionService#loadCommonJSModule file:///home/torerling/.vscode/extensions/vscodevim.vim-1.17.1/out/extension
[2020-11-27 20:19:22.623] [exthost] [info] ExtensionService#_doActivateExtension vscode.github {"startup":true,"extensionId":{"value":"vscode.github","_lower":"vscode.github"},"activationEvent":"*"}
[2020-11-27 20:19:22.623] [exthost] [info] ExtensionService#loadCommonJSModule file:///opt/visual-studio-code/resources/app/extensions/github/dist/extension.js
[2020-11-27 20:19:22.632] [exthost] [info] ExtensionService#_doActivateExtension Ionide.Ionide-fsharp {"startup":false,"extensionId":{"value":"Ionide.Ionide-fsharp","_lower":"ionide.ionide-fsharp"},"activationEvent":"onLanguage:fsharp"}
[2020-11-27 20:19:22.633] [exthost] [info] ExtensionService#loadCommonJSModule file:///home/torerling/.vscode/extensions/ionide.ionide-fsharp-4.17.0/fsharp
[2020-11-27 20:19:23.369] [exthost] [info] ExtensionService#_doActivateExtension ms-vscode.js-debug {"startup":false,"extensionId":{"value":"ms-vscode.js-debug","_lower":"ms-vscode.js-debug"},"activationEvent":"onCommand:extension.js-debug.clearAutoAttachVariables"}
[2020-11-27 20:19:23.369] [exthost] [info] ExtensionService#loadCommonJSModule file:///opt/visual-studio-code/resources/app/extensions/ms-vscode.js-debug/src/extension.js
[2020-11-27 20:19:23.820] [exthost] [info] ExtensionService#_doActivateExtension vscode.github-authentication {"startup":false,"extensionId":{"value":"vscode.github-authentication","_lower":"vscode.github-authentication"},"activationEvent":"onAuthenticationRequest:github"}
[2020-11-27 20:19:23.820] [exthost] [info] ExtensionService#loadCommonJSModule file:///opt/visual-studio-code/resources/app/extensions/github-authentication/dist/extension.js
[2020-11-27 20:19:26.650] [exthost] [warning] [Ionide.Ionide-fsharp] Accessing a resource scoped configuration without providing a resource is not expected. To get the effective value for '[fsharp]', provide the URI of a resource or 'null' for any resource.
[2020-11-27 20:19:26.709] [exthost] [info] eager extensions activated
[2020-11-27 20:20:20.256] [exthost] [info] ExtensionService#_doActivateExtension vscode.configuration-editing {"startup":false,"extensionId":{"value":"vscode.configuration-editing","_lower":"vscode.configuration-editing"},"activationEvent":"onLanguage:jsonc"}
[2020-11-27 20:20:20.256] [exthost] [info] ExtensionService#loadCommonJSModule file:///opt/visual-studio-code/resources/app/extensions/configuration-editing/dist/configurationEditingMain
[2020-11-27 20:20:20.264] [exthost] [info] ExtensionService#_doActivateExtension vscode.json-language-features {"startup":false,"extensionId":{"value":"vscode.json-language-features","_lower":"vscode.json-language-features"},"activationEvent":"onLanguage:jsonc"}
[2020-11-27 20:20:20.265] [exthost] [info] ExtensionService#loadCommonJSModule file:///opt/visual-studio-code/resources/app/extensions/json-language-features/client/dist/node/jsonClientMain
[2020-11-27 20:20:20.314] [exthost] [info] ExtensionService#_doActivateExtension vscode.typescript-language-features {"startup":false,"extensionId":{"value":"vscode.typescript-language-features","_lower":"vscode.typescript-language-features"},"activationEvent":"onLanguage:jsonc"}
[2020-11-27 20:20:20.314] [exthost] [info] ExtensionService#loadCommonJSModule file:///opt/visual-studio-code/resources/app/extensions/typescript-language-features/dist/extension
[2020-11-27 20:20:20.598] [exthost] [warning] [Ionide.Ionide-fsharp] Accessing a resource scoped configuration without providing a resource is not expected. To get the effective value for '[fsharp]', provide the URI of a resource or 'null' for any resource.
[2020-11-27 20:20:28.660] [exthost] [warning] [Ionide.Ionide-fsharp] Accessing a resource scoped configuration without providing a resource is not expected. To get the effective value for '[fsharp]', provide the URI of a resource or 'null' for any resource.
[2020-11-27 20:20:38.745] [exthost] [warning] [Ionide.Ionide-fsharp] Accessing a resource scoped configuration without providing a resource is not expected. To get the effective value for '[fsharp]', provide the URI of a resource or 'null' for any resource.
