[2020-12-06 09:23:35.136] [exthost] [info] extension host started
[2020-12-06 09:23:35.720] [exthost] [info] ExtensionService#_doActivateExtension vscode.microsoft-authentication {"startup":false,"extensionId":{"value":"vscode.microsoft-authentication","_lower":"vscode.microsoft-authentication"},"activationEvent":"onAuthenticationRequest:microsoft"}
[2020-12-06 09:23:35.720] [exthost] [info] ExtensionService#loadCommonJSModule file:///opt/visual-studio-code/resources/app/extensions/microsoft-authentication/dist/extension.js
[2020-12-06 09:23:35.741] [exthost] [info] ExtensionService#_doActivateExtension ms-dotnettools.csharp {"startup":false,"extensionId":{"value":"Ionide.Ionide-fsharp","_lower":"ionide.ionide-fsharp"},"activationEvent":"onLanguage:fsharp"}
[2020-12-06 09:23:35.741] [exthost] [info] ExtensionService#loadCommonJSModule file:///home/torerling/.vscode/extensions/ms-dotnettools.csharp-1.23.6/dist/extension
[2020-12-06 09:23:35.861] [exthost] [info] ExtensionService#_doActivateExtension vscode.debug-auto-launch {"startup":true,"extensionId":{"value":"vscode.debug-auto-launch","_lower":"vscode.debug-auto-launch"},"activationEvent":"*"}
[2020-12-06 09:23:35.861] [exthost] [info] ExtensionService#loadCommonJSModule file:///opt/visual-studio-code/resources/app/extensions/debug-auto-launch/dist/extension
[2020-12-06 09:23:35.866] [exthost] [info] ExtensionService#_doActivateExtension vscode.emmet {"startup":true,"extensionId":{"value":"vscode.emmet","_lower":"vscode.emmet"},"activationEvent":"*"}
[2020-12-06 09:23:35.867] [exthost] [info] ExtensionService#loadCommonJSModule file:///opt/visual-studio-code/resources/app/extensions/emmet/dist/node/emmetNodeMain
[2020-12-06 09:23:35.892] [exthost] [info] ExtensionService#_doActivateExtension vscode.git {"startup":true,"extensionId":{"value":"vscode.github","_lower":"vscode.github"},"activationEvent":"*"}
[2020-12-06 09:23:35.892] [exthost] [info] ExtensionService#loadCommonJSModule file:///opt/visual-studio-code/resources/app/extensions/git/dist/main
[2020-12-06 09:23:35.938] [exthost] [info] ExtensionService#_doActivateExtension vscode.merge-conflict {"startup":true,"extensionId":{"value":"vscode.merge-conflict","_lower":"vscode.merge-conflict"},"activationEvent":"*"}
[2020-12-06 09:23:35.942] [exthost] [info] ExtensionService#loadCommonJSModule file:///opt/visual-studio-code/resources/app/extensions/merge-conflict/dist/mergeConflictMain
[2020-12-06 09:23:35.952] [exthost] [info] ExtensionService#_doActivateExtension vscode.search-result {"startup":true,"extensionId":{"value":"vscode.search-result","_lower":"vscode.search-result"},"activationEvent":"*"}
[2020-12-06 09:23:35.953] [exthost] [info] ExtensionService#loadCommonJSModule file:///opt/visual-studio-code/resources/app/extensions/search-result/dist/extension.js
[2020-12-06 09:23:35.961] [exthost] [info] ExtensionService#_doActivateExtension sainnhe.gruvbox-material {"startup":true,"extensionId":{"value":"sainnhe.gruvbox-material","_lower":"sainnhe.gruvbox-material"},"activationEvent":"*"}
[2020-12-06 09:23:35.962] [exthost] [info] ExtensionService#loadCommonJSModule file:///home/torerling/.vscode/extensions/sainnhe.gruvbox-material-6.3.4/out/extension.js
[2020-12-06 09:23:36.115] [exthost] [info] ExtensionService#_doActivateExtension vscodevim.vim {"startup":true,"extensionId":{"value":"vscodevim.vim","_lower":"vscodevim.vim"},"activationEvent":"*"}
[2020-12-06 09:23:36.115] [exthost] [info] ExtensionService#loadCommonJSModule file:///home/torerling/.vscode/extensions/vscodevim.vim-1.17.2/out/extension
[2020-12-06 09:23:37.134] [exthost] [info] ExtensionService#_doActivateExtension vscode.github {"startup":true,"extensionId":{"value":"vscode.github","_lower":"vscode.github"},"activationEvent":"*"}
[2020-12-06 09:23:37.137] [exthost] [info] ExtensionService#loadCommonJSModule file:///opt/visual-studio-code/resources/app/extensions/github/dist/extension.js
[2020-12-06 09:23:37.252] [exthost] [info] ExtensionService#_doActivateExtension Ionide.Ionide-fsharp {"startup":false,"extensionId":{"value":"Ionide.Ionide-fsharp","_lower":"ionide.ionide-fsharp"},"activationEvent":"onLanguage:fsharp"}
[2020-12-06 09:23:37.252] [exthost] [info] ExtensionService#loadCommonJSModule file:///home/torerling/.vscode/extensions/ionide.ionide-fsharp-4.17.0/fsharp
[2020-12-06 09:23:37.550] [exthost] [info] ExtensionService#_doActivateExtension ms-vscode.js-debug {"startup":false,"extensionId":{"value":"ms-vscode.js-debug","_lower":"ms-vscode.js-debug"},"activationEvent":"onCommand:extension.js-debug.clearAutoAttachVariables"}
[2020-12-06 09:23:37.550] [exthost] [info] ExtensionService#loadCommonJSModule file:///opt/visual-studio-code/resources/app/extensions/ms-vscode.js-debug/src/extension.js
[2020-12-06 09:23:37.987] [exthost] [info] ExtensionService#_doActivateExtension vscode.github-authentication {"startup":false,"extensionId":{"value":"vscode.github-authentication","_lower":"vscode.github-authentication"},"activationEvent":"onAuthenticationRequest:github"}
[2020-12-06 09:23:37.987] [exthost] [info] ExtensionService#loadCommonJSModule file:///opt/visual-studio-code/resources/app/extensions/github-authentication/dist/extension.js
[2020-12-06 09:23:40.304] [exthost] [warning] [Ionide.Ionide-fsharp] Accessing a resource scoped configuration without providing a resource is not expected. To get the effective value for '[fsharp]', provide the URI of a resource or 'null' for any resource.
[2020-12-06 09:23:40.367] [exthost] [info] eager extensions activated
[2020-12-06 09:49:25.240] [exthost] [warning] [Ionide.Ionide-fsharp] Accessing a resource scoped configuration without providing a resource is not expected. To get the effective value for '[fsharp]', provide the URI of a resource or 'null' for any resource.
[2020-12-06 09:51:42.199] [exthost] [info] ExtensionService#_doActivateExtension 2gua.rainbow-brackets {"startup":false,"extensionId":{"value":"2gua.rainbow-brackets","_lower":"2gua.rainbow-brackets"},"activationEvent":"*"}
[2020-12-06 09:51:42.200] [exthost] [info] ExtensionService#loadCommonJSModule file:///home/torerling/.vscode/extensions/2gua.rainbow-brackets-0.0.6/out/src/extension
[2020-12-06 10:46:46.382] [exthost] [info] ExtensionService#_doActivateExtension vscode.configuration-editing {"startup":false,"extensionId":{"value":"vscode.configuration-editing","_lower":"vscode.configuration-editing"},"activationEvent":"onLanguage:jsonc"}
[2020-12-06 10:46:46.383] [exthost] [info] ExtensionService#loadCommonJSModule file:///opt/visual-studio-code/resources/app/extensions/configuration-editing/dist/configurationEditingMain
[2020-12-06 10:46:46.409] [exthost] [info] ExtensionService#_doActivateExtension vscode.json-language-features {"startup":false,"extensionId":{"value":"vscode.json-language-features","_lower":"vscode.json-language-features"},"activationEvent":"onLanguage:jsonc"}
[2020-12-06 10:46:46.409] [exthost] [info] ExtensionService#loadCommonJSModule file:///opt/visual-studio-code/resources/app/extensions/json-language-features/client/dist/node/jsonClientMain
[2020-12-06 10:46:46.440] [exthost] [info] ExtensionService#_doActivateExtension vscode.typescript-language-features {"startup":false,"extensionId":{"value":"vscode.typescript-language-features","_lower":"vscode.typescript-language-features"},"activationEvent":"onLanguage:jsonc"}
[2020-12-06 10:46:46.440] [exthost] [info] ExtensionService#loadCommonJSModule file:///opt/visual-studio-code/resources/app/extensions/typescript-language-features/dist/extension
[2020-12-06 10:46:46.546] [exthost] [warning] [Ionide.Ionide-fsharp] Accessing a resource scoped configuration without providing a resource is not expected. To get the effective value for '[fsharp]', provide the URI of a resource or 'null' for any resource.
