Looking for git in: git
Using git 2.29.2 from git
> git rev-parse --git-dir
Open repository: /home/torerling/programming/aoc2020
> git status -z -u
> git symbolic-ref --short HEAD
> git rev-parse main
> git rev-parse --symbolic-full-name main@{u}
> git rev-list --left-right main...refs/remotes/origin/main
> git for-each-ref --sort -committerdate --format %(refname) %(objectname)
> git remote --verbose
> git config --get commit.template
> git check-ignore -v -z --stdin
> git status -z -u
> git symbolic-ref --short HEAD
> git rev-parse main
> git rev-parse --symbolic-full-name main@{u}
> git rev-list --left-right main...refs/remotes/origin/main
> git for-each-ref --sort -committerdate --format %(refname) %(objectname)
> git remote --verbose
> git config --get commit.template
> git show --textconv :.gitignore
> git ls-files --stage -- /home/torerling/programming/aoc2020/.gitignore
> git cat-file -s a33d95245f77e2f49a43f8807c962b2dba9b487b
> git show --textconv :day1.fsx
> git ls-files --stage -- /home/torerling/programming/aoc2020/day1.fsx
> git cat-file -s 4811ccedd67c4c58bb7d682d0d454dae548073f6
> git show --textconv :day2.fsx
> git ls-files --stage -- /home/torerling/programming/aoc2020/day2.fsx
> git cat-file -s 8578cfd4a8470c9b2ddf3caa796ea52bbca812d3
> git show --textconv :day4.fsx
> git ls-files --stage -- /home/torerling/programming/aoc2020/day4.fsx
> git cat-file -s 9f6f3d37f9d9e21ee09a90d69e5f296eef7979dc
> git add -A -- .
> git commit --quiet --allow-empty-message --file -
> git status -z -u
> git symbolic-ref --short HEAD
> git rev-parse main
> git rev-parse --symbolic-full-name main@{u}
> git rev-list --left-right main...refs/remotes/origin/main
> git for-each-ref --sort -committerdate --format %(refname) %(objectname)
> git remote --verbose
> git config --get commit.template
> git ls-files --stage -- /home/torerling/programming/aoc2020/day4.fsx
> git cat-file -s 9f6f3d37f9d9e21ee09a90d69e5f296eef7979dc
> git show --textconv :day4.fsx
> git status -z -u
> git symbolic-ref --short HEAD
> git rev-parse main
> git rev-parse --symbolic-full-name main@{u}
> git rev-list --left-right main...refs/remotes/origin/main
> git for-each-ref --sort -committerdate --format %(refname) %(objectname)
> git remote --verbose
> git config --get commit.template
> git log --format=%H%n%aN%n%aE%n%at%n%ct%n%P%n%B -z -n21 -- /home/torerling/programming/aoc2020/day4.fsx
> git show --textconv :day5.fsx
> git ls-files --stage -- /home/torerling/programming/aoc2020/day5.fsx
> git check-ignore -v -z --stdin
> git status -z -u
> git symbolic-ref --short HEAD
> git rev-parse main
> git rev-parse --symbolic-full-name main@{u}
> git rev-list --left-right main...refs/remotes/origin/main
> git for-each-ref --sort -committerdate --format %(refname) %(objectname)
> git remote --verbose
> git config --get commit.template
> git show --textconv :day4.fsx
> git ls-files --stage -- /home/torerling/programming/aoc2020/day4.fsx
> git cat-file -s 9f6f3d37f9d9e21ee09a90d69e5f296eef7979dc
> git show --textconv :day5.fsx
> git ls-files --stage -- /home/torerling/programming/aoc2020/day5.fsx
> git status -z -u
> git symbolic-ref --short HEAD
> git rev-parse main
> git rev-parse --symbolic-full-name main@{u}
> git rev-list --left-right main...refs/remotes/origin/main
> git for-each-ref --sort -committerdate --format %(refname) %(objectname)
> git remote --verbose
> git config --get commit.template
> git check-ignore -v -z --stdin
> git status -z -u
> git symbolic-ref --short HEAD
> git rev-parse main
> git rev-parse --symbolic-full-name main@{u}
> git rev-list --left-right main...refs/remotes/origin/main
> git for-each-ref --sort -committerdate --format %(refname) %(objectname)
> git remote --verbose
> git config --get commit.template
> git status -z -u
> git symbolic-ref --short HEAD
> git rev-parse main
> git rev-parse --symbolic-full-name main@{u}
> git rev-list --left-right main...refs/remotes/origin/main
> git for-each-ref --sort -committerdate --format %(refname) %(objectname)
> git remote --verbose
> git config --get commit.template
> git show --textconv :day5.txt
> git ls-files --stage -- /home/torerling/programming/aoc2020/day5.txt
> git show --textconv :day5.fsx
> git ls-files --stage -- /home/torerling/programming/aoc2020/day5.fsx
> git show --textconv :day5.txt
> git ls-files --stage -- /home/torerling/programming/aoc2020/day5.txt
> git status -z -u
> git symbolic-ref --short HEAD
> git rev-parse main
> git rev-parse --symbolic-full-name main@{u}
> git rev-list --left-right main...refs/remotes/origin/main
> git for-each-ref --sort -committerdate --format %(refname) %(objectname)
> git remote --verbose
> git config --get commit.template
